<?xml version="1.0" encoding="UTF-8"?>
<!-- Generated by org.testng.reporters.JUnitReportReporter -->
<testsuite hostname="LTIN293420" failures="0" tests="4" name="testCases.TC_001_HomePageTest" time="191.430" errors="0" timestamp="2024-02-27T17:31:25 IST" skipped="0">
  <testcase classname="testCases.TC_001_HomePageTest" name="profileValidation" time="2.299"/>
  <testcase classname="testCases.TC_001_HomePageTest" name="headerPrint" time="131.739"/>
  <testcase classname="testCases.TC_001_HomePageTest" name="checkSubHeaderValidity" time="12.647"/>
  <testcase classname="testCases.TC_001_HomePageTest" name="clickSubHeaderValidity" time="44.745"/>
</testsuite> <!-- testCases.TC_001_HomePageTest -->
