<?xml version="1.0" encoding="UTF-8"?>
<!-- Generated by org.testng.reporters.JUnitReportReporter -->
<testsuite hostname="LTIN293420" failures="0" tests="2" name="testCases.TC_002_EthicsandCompliancePageTest" time="5.885" errors="0" timestamp="2024-02-28T15:28:58 IST" skipped="0">
  <testcase classname="testCases.TC_002_EthicsandCompliancePageTest" name="verifyPage" time="0.053"/>
  <testcase classname="testCases.TC_002_EthicsandCompliancePageTest" name="getAllContent" time="5.832"/>
</testsuite> <!-- testCases.TC_002_EthicsandCompliancePageTest -->
