<?xml version="1.0" encoding="UTF-8"?>
<!-- Generated by org.testng.reporters.JUnitReportReporter -->
<testsuite hostname="LTIN293420" failures="0" tests="4" name="testCases.TC_001_HomePageDDT" time="204.255" errors="0" timestamp="2024-02-28T15:28:58 IST" skipped="0">
  <testcase classname="testCases.TC_001_HomePageDDT" name="profileValidation" time="2.189"/>
  <testcase classname="testCases.TC_001_HomePageDDT" name="headerPrint" time="146.151"/>
  <testcase classname="testCases.TC_001_HomePageDDT" name="checkSubHeaderValidity" time="11.928"/>
  <testcase classname="testCases.TC_001_HomePageDDT" name="clickSubHeaderValidity" time="43.987"/>
</testsuite> <!-- testCases.TC_001_HomePageDDT -->
